2019-05-17 01:01:03,217 ERROR: Exception on /deletePoll/2 [GET] [in C:\Users\jonat\Anaconda3\lib\site-packages\flask\app.py:1761]
Traceback (most recent call last):
  File "C:\Users\jonat\Anaconda3\lib\site-packages\flask\app.py", line 2292, in wsgi_app
    response = self.full_dispatch_request()
  File "C:\Users\jonat\Anaconda3\lib\site-packages\flask\app.py", line 1815, in full_dispatch_request
    rv = self.handle_user_exception(e)
  File "C:\Users\jonat\Anaconda3\lib\site-packages\flask\app.py", line 1718, in handle_user_exception
    reraise(exc_type, exc_value, tb)
  File "C:\Users\jonat\Anaconda3\lib\site-packages\flask\_compat.py", line 35, in reraise
    raise value
  File "C:\Users\jonat\Anaconda3\lib\site-packages\flask\app.py", line 1813, in full_dispatch_request
    rv = self.dispatch_request()
  File "C:\Users\jonat\Anaconda3\lib\site-packages\flask\app.py", line 1799, in dispatch_request
    return self.view_functions[rule.endpoint](**req.view_args)
  File "C:\Users\jonat\Anaconda3\lib\site-packages\flask_login\utils.py", line 261, in decorated_view
    return func(*args, **kwargs)
  File "C:\Users\jonat\Documents\GitHub\boardGamesPoll\app\routes.py", line 190, in deletePoll
    return back.redirect() #redirect(url_for('index'))
TypeError: redirect() missing 1 required positional argument: 'location'
2019-05-17 01:02:18,984 INFO: Board Games startup [in C:\Users\jonat\Documents\GitHub\boardGamesPoll\app\__init__.py:45]
2019-05-17 01:04:46,778 INFO: Board Games startup [in C:\Users\jonat\Documents\GitHub\boardGamesPoll\app\__init__.py:45]
2019-05-17 01:06:25,803 INFO: Board Games startup [in C:\Users\jonat\Documents\GitHub\boardGamesPoll\app\__init__.py:45]
2019-05-17 01:08:41,491 INFO: Board Games startup [in C:\Users\jonat\Documents\GitHub\boardGamesPoll\app\__init__.py:45]
2019-05-17 01:15:28,687 INFO: Board Games startup [in C:\Users\jonat\Documents\GitHub\boardGamesPoll\app\__init__.py:45]
2019-05-17 01:16:10,467 INFO: Board Games startup [in C:\Users\jonat\Documents\GitHub\boardGamesPoll\app\__init__.py:45]
2019-05-17 01:18:08,522 INFO: Board Games startup [in C:\Users\jonat\Documents\GitHub\boardGamesPoll\app\__init__.py:45]
2019-05-17 16:10:11,711 INFO: Board Games startup [in C:\Users\jonat\Documents\GitHub\boardGamesPoll\app\__init__.py:45]
